{
  "stats": {
    "suites": 0,
    "tests": 1,
    "passes": 1,
    "pending": 0,
    "failures": 0,
    "start": "2024-01-23T09:29:06.346Z",
    "end": "2024-01-23T09:29:10.050Z",
    "duration": 3704,
    "testsRegistered": 1,
    "passPercent": 100,
    "pendingPercent": 0,
    "other": 0,
    "hasOther": false,
    "skipped": 0,
    "hasSkipped": false
  },
  "results": [
    {
      "uuid": "b6bd3966-d8b4-4bc8-ace9-c8a3d8207217",
      "title": "",
      "fullFile": "cypress\\integration\\e2e\\BDD\\APIMockTest.cy2.js",
      "file": "cypress\\integration\\e2e\\BDD\\APIMockTest.cy2.js",
      "beforeHooks": [],
      "afterHooks": [],
      "tests": [
        {
          "title": "Api intercept mock test",
          "fullTitle": "Api intercept mock test",
          "timedOut": null,
          "duration": 1701,
          "state": "passed",
          "speed": "fast",
          "pass": true,
          "fail": false,
          "pending": false,
          "context": null,
          "code": "cy.visit('https://rahulshettyacademy.com/angularAppdemo/');\ncy.intercept('GET', 'https://rahulshettyacademy.com/Library/GetBook.php?AuthorName=shetty', function (req) {\n  req.url = 'https://rahulshettyacademy.com/Library/GetBook.php?AuthorName=malhotra';\n  req[\"continue\"](function (res) {\n    expect(res.statusCode).to.equal(200);\n  });\n});\ncy.get('button[class=\"btn btn-primary\"]').click();",
          "err": {},
          "uuid": "e0c69579-0e79-4587-8c0b-3e0fba7d862d",
          "parentUUID": "b6bd3966-d8b4-4bc8-ace9-c8a3d8207217",
          "isHook": false,
          "skipped": false
        }
      ],
      "suites": [],
      "passes": [
        "e0c69579-0e79-4587-8c0b-3e0fba7d862d"
      ],
      "failures": [],
      "pending": [],
      "skipped": [],
      "duration": 1701,
      "root": true,
      "rootEmpty": false,
      "_timeout": 2000
    }
  ],
  "meta": {
    "mocha": {
      "version": "7.0.1"
    },
    "mochawesome": {
      "options": {
        "quiet": false,
        "reportFilename": "mochawesome",
        "saveHtml": true,
        "saveJson": true,
        "consoleReporter": "spec",
        "useInlineDiffs": false,
        "code": true
      },
      "version": "7.1.3"
    },
    "marge": {
      "options": null,
      "version": "6.2.0"
    }
  }
}